#-----------------------------------------------------------
# Vivado v2019.1 (64-bit)
# SW Build 2552052 on Fri May 24 14:49:42 MDT 2019
# IP Build 2548770 on Fri May 24 18:01:18 MDT 2019
# Start of session at: Sun Jun 29 23:16:02 2025
# Process ID: 13616
# Current directory: C:/Users/VICTUS/Desktop/FPGAtest/SongTamGiac
# Command line: vivado.exe -gui_launcher_event rodinguilauncherevent2612 C:\Users\VICTUS\Desktop\FPGAtest\SongTamGiac\SongTamGiac.xpr
# Log file: C:/Users/VICTUS/Desktop/FPGAtest/SongTamGiac/vivado.log
# Journal file: C:/Users/VICTUS/Desktop/FPGAtest/SongTamGiac\vivado.jou
#-----------------------------------------------------------
start_gui
open_project C:/Users/VICTUS/Desktop/FPGAtest/SongTamGiac/SongTamGiac.xpr
INFO: [Project 1-313] Project file moved from 'C:/TaiLieuHocTap/Nam3k2/FPGA/SongTamGiac' since last save.
Scanning sources...
Finished scanning sources
INFO: [IP_Flow 19-234] Refreshing IP repositories
INFO: [IP_Flow 19-1704] No user IP repositories specified
INFO: [IP_Flow 19-2313] Loaded Vivado IP repository 'C:/Xilinx/Vivado/2019.1/data/ip'.
update_compile_order -fileset sources_1
WARNING: [IP_Flow 19-4067] Ignoring invalid widget type specified checkbox.Providing a default widget
exit
INFO: [Common 17-206] Exiting Vivado at Sun Jun 29 23:27:52 2025...
