#-----------------------------------------------------------
# Vivado v2019.1 (64-bit)
# SW Build 2552052 on Fri May 24 14:49:42 MDT 2019
# IP Build 2548770 on Fri May 24 18:01:18 MDT 2019
# Start of session at: Mon Mar 10 15:24:41 2025
# Process ID: 12436
# Current directory: C:/TaiLieuHocTap/Nam3k2/FPGA/chuoi_001_Moore
# Command line: vivado.exe -gui_launcher_event rodinguilauncherevent16364 C:\TaiLieuHocTap\Nam3k2\FPGA\chuoi_001_Moore\chuoi_001.xpr
# Log file: C:/TaiLieuHocTap/Nam3k2/FPGA/chuoi_001_Moore/vivado.log
# Journal file: C:/TaiLieuHocTap/Nam3k2/FPGA/chuoi_001_Moore\vivado.jou
#-----------------------------------------------------------
start_gui
open_project C:/TaiLieuHocTap/Nam3k2/FPGA/chuoi_001_Moore/chuoi_001.xpr
Scanning sources...
Finished scanning sources
INFO: [IP_Flow 19-234] Refreshing IP repositories
INFO: [IP_Flow 19-1704] No user IP repositories specified
INFO: [IP_Flow 19-2313] Loaded Vivado IP repository 'C:/Xilinx/Vivado/2019.1/data/ip'.
update_compile_order -fileset sources_1
exit
INFO: [Common 17-206] Exiting Vivado at Mon Mar 10 15:54:20 2025...
