#-----------------------------------------------------------
# Vivado v2019.1 (64-bit)
# SW Build 2552052 on Fri May 24 14:49:42 MDT 2019
# IP Build 2548770 on Fri May 24 18:01:18 MDT 2019
# Start of session at: Mon Mar 31 08:47:14 2025
# Process ID: 7500
# Current directory: C:/TaiLieuHocTap/Nam3k2/FPGA/Tin_hieu_hinh_sin
# Command line: vivado.exe -gui_launcher_event rodinguilauncherevent13184 C:\TaiLieuHocTap\Nam3k2\FPGA\Tin_hieu_hinh_sin\Tin_hieu_hinh_sin.xpr
# Log file: C:/TaiLieuHocTap/Nam3k2/FPGA/Tin_hieu_hinh_sin/vivado.log
# Journal file: C:/TaiLieuHocTap/Nam3k2/FPGA/Tin_hieu_hinh_sin\vivado.jou
#-----------------------------------------------------------
start_gui
open_project C:/TaiLieuHocTap/Nam3k2/FPGA/Tin_hieu_hinh_sin/Tin_hieu_hinh_sin.xpr
Scanning sources...
Finished scanning sources
INFO: [IP_Flow 19-234] Refreshing IP repositories
INFO: [IP_Flow 19-1704] No user IP repositories specified
INFO: [IP_Flow 19-2313] Loaded Vivado IP repository 'C:/Xilinx/Vivado/2019.1/data/ip'.
open_project: Time (s): cpu = 00:00:22 ; elapsed = 00:00:13 . Memory (MB): peak = 818.859 ; gain = 196.914
update_compile_order -fileset sources_1
reset_run impl_1
launch_runs impl_1 -jobs 6
[Mon Mar 31 08:50:30 2025] Launched impl_1...
Run output will be captured here: C:/TaiLieuHocTap/Nam3k2/FPGA/Tin_hieu_hinh_sin/Tin_hieu_hinh_sin.runs/impl_1/runme.log
launch_runs impl_1 -to_step write_bitstream -jobs 6
[Mon Mar 31 08:51:40 2025] Launched impl_1...
Run output will be captured here: C:/TaiLieuHocTap/Nam3k2/FPGA/Tin_hieu_hinh_sin/Tin_hieu_hinh_sin.runs/impl_1/runme.log
exit
INFO: [Common 17-206] Exiting Vivado at Mon Mar 31 09:09:08 2025...
