#-----------------------------------------------------------
# Vivado v2019.1 (64-bit)
# SW Build 2552052 on Fri May 24 14:49:42 MDT 2019
# IP Build 2548770 on Fri May 24 18:01:18 MDT 2019
# Start of session at: Sun May  4 22:22:54 2025
# Process ID: 1912
# Current directory: C:/TaiLieuHocTap/Nam3k2/FPGA/SPI_Master
# Command line: vivado.exe -gui_launcher_event rodinguilauncherevent1692 C:\TaiLieuHocTap\Nam3k2\FPGA\SPI_Master\SPI.xpr
# Log file: C:/TaiLieuHocTap/Nam3k2/FPGA/SPI_Master/vivado.log
# Journal file: C:/TaiLieuHocTap/Nam3k2/FPGA/SPI_Master\vivado.jou
#-----------------------------------------------------------
start_gui
open_project C:/TaiLieuHocTap/Nam3k2/FPGA/SPI_Master/SPI.xpr
Scanning sources...
Finished scanning sources
INFO: [IP_Flow 19-234] Refreshing IP repositories
INFO: [IP_Flow 19-1704] No user IP repositories specified
INFO: [IP_Flow 19-2313] Loaded Vivado IP repository 'C:/Xilinx/Vivado/2019.1/data/ip'.
open_project: Time (s): cpu = 00:00:13 ; elapsed = 00:00:09 . Memory (MB): peak = 769.484 ; gain = 161.531
update_compile_order -fileset sources_1
reset_run synth_1
launch_runs impl_1 -jobs 6
[Sun May  4 22:55:44 2025] Launched synth_1...
Run output will be captured here: C:/TaiLieuHocTap/Nam3k2/FPGA/SPI_Master/SPI.runs/synth_1/runme.log
[Sun May  4 22:55:44 2025] Launched impl_1...
Run output will be captured here: C:/TaiLieuHocTap/Nam3k2/FPGA/SPI_Master/SPI.runs/impl_1/runme.log
reset_run synth_1
launch_runs impl_1 -jobs 6
[Sun May  4 22:58:32 2025] Launched synth_1...
Run output will be captured here: C:/TaiLieuHocTap/Nam3k2/FPGA/SPI_Master/SPI.runs/synth_1/runme.log
[Sun May  4 22:58:32 2025] Launched impl_1...
Run output will be captured here: C:/TaiLieuHocTap/Nam3k2/FPGA/SPI_Master/SPI.runs/impl_1/runme.log
reset_run synth_1
launch_runs impl_1 -jobs 6
[Sun May  4 23:02:25 2025] Launched synth_1...
Run output will be captured here: C:/TaiLieuHocTap/Nam3k2/FPGA/SPI_Master/SPI.runs/synth_1/runme.log
[Sun May  4 23:02:25 2025] Launched impl_1...
Run output will be captured here: C:/TaiLieuHocTap/Nam3k2/FPGA/SPI_Master/SPI.runs/impl_1/runme.log
exit
INFO: [Common 17-206] Exiting Vivado at Sun May  4 23:05:03 2025...
