#-----------------------------------------------------------
# Vivado v2019.1 (64-bit)
# SW Build 2552052 on Fri May 24 14:49:42 MDT 2019
# IP Build 2548770 on Fri May 24 18:01:18 MDT 2019
# Start of session at: Mon May 12 07:48:52 2025
# Process ID: 12160
# Current directory: C:/TaiLieuHocTap/Nam3k2/FPGA/I2C
# Command line: vivado.exe -gui_launcher_event rodinguilauncherevent12756 C:\TaiLieuHocTap\Nam3k2\FPGA\I2C\I2C.xpr
# Log file: C:/TaiLieuHocTap/Nam3k2/FPGA/I2C/vivado.log
# Journal file: C:/TaiLieuHocTap/Nam3k2/FPGA/I2C\vivado.jou
#-----------------------------------------------------------
start_gui
open_project C:/TaiLieuHocTap/Nam3k2/FPGA/I2C/I2C.xpr
Scanning sources...
Finished scanning sources
INFO: [IP_Flow 19-234] Refreshing IP repositories
INFO: [IP_Flow 19-1704] No user IP repositories specified
INFO: [IP_Flow 19-2313] Loaded Vivado IP repository 'C:/Xilinx/Vivado/2019.1/data/ip'.
open_project: Time (s): cpu = 00:00:15 ; elapsed = 00:00:13 . Memory (MB): peak = 796.680 ; gain = 176.578
update_compile_order -fileset sources_1
exit
INFO: [Common 17-206] Exiting Vivado at Mon May 12 08:18:30 2025...
