#-----------------------------------------------------------
# Vivado v2019.1 (64-bit)
# SW Build 2552052 on Fri May 24 14:49:42 MDT 2019
# IP Build 2548770 on Fri May 24 18:01:18 MDT 2019
# Start of session at: Mon May 12 08:52:50 2025
# Process ID: 7372
# Current directory: C:/TaiLieuHocTap/Nam3k2/FPGA/I2C
# Command line: vivado.exe -gui_launcher_event rodinguilauncherevent11280 C:\TaiLieuHocTap\Nam3k2\FPGA\I2C\I2C.xpr
# Log file: C:/TaiLieuHocTap/Nam3k2/FPGA/I2C/vivado.log
# Journal file: C:/TaiLieuHocTap/Nam3k2/FPGA/I2C\vivado.jou
#-----------------------------------------------------------
start_gui
open_project C:/TaiLieuHocTap/Nam3k2/FPGA/I2C/I2C.xpr
Scanning sources...
Finished scanning sources
INFO: [IP_Flow 19-234] Refreshing IP repositories
INFO: [IP_Flow 19-1704] No user IP repositories specified
INFO: [IP_Flow 19-2313] Loaded Vivado IP repository 'C:/Xilinx/Vivado/2019.1/data/ip'.
open_project: Time (s): cpu = 00:00:12 ; elapsed = 00:00:07 . Memory (MB): peak = 809.727 ; gain = 200.184
update_compile_order -fileset sources_1
reset_run synth_1
launch_runs synth_1 -jobs 6
[Mon May 12 09:24:09 2025] Launched synth_1...
Run output will be captured here: C:/TaiLieuHocTap/Nam3k2/FPGA/I2C/I2C.runs/synth_1/runme.log
launch_runs impl_1 -jobs 6
[Mon May 12 09:24:52 2025] Launched impl_1...
Run output will be captured here: C:/TaiLieuHocTap/Nam3k2/FPGA/I2C/I2C.runs/impl_1/runme.log
exit
INFO: [Common 17-206] Exiting Vivado at Mon May 12 11:33:45 2025...
