#-----------------------------------------------------------
# Vivado v2019.1 (64-bit)
# SW Build 2552052 on Fri May 24 14:49:42 MDT 2019
# IP Build 2548770 on Fri May 24 18:01:18 MDT 2019
# Start of session at: Mon May  5 22:17:39 2025
# Process ID: 6940
# Current directory: C:/TaiLieuHocTap/Nam3k2/FPGA/I2C
# Command line: vivado.exe -gui_launcher_event rodinguilauncherevent16748 C:\TaiLieuHocTap\Nam3k2\FPGA\I2C\I2C.xpr
# Log file: C:/TaiLieuHocTap/Nam3k2/FPGA/I2C/vivado.log
# Journal file: C:/TaiLieuHocTap/Nam3k2/FPGA/I2C\vivado.jou
#-----------------------------------------------------------
start_gui
open_project C:/TaiLieuHocTap/Nam3k2/FPGA/I2C/I2C.xpr
Scanning sources...
Finished scanning sources
INFO: [IP_Flow 19-234] Refreshing IP repositories
INFO: [IP_Flow 19-1704] No user IP repositories specified
INFO: [IP_Flow 19-2313] Loaded Vivado IP repository 'C:/Xilinx/Vivado/2019.1/data/ip'.
update_compile_order -fileset sources_1
close [ open C:/TaiLieuHocTap/Nam3k2/FPGA/I2C/I2C.srcs/sources_1/new/i2c_lcd_top.v w ]
add_files C:/TaiLieuHocTap/Nam3k2/FPGA/I2C/I2C.srcs/sources_1/new/i2c_lcd_top.v
update_compile_order -fileset sources_1
set_property top i2c_lcd_top [current_fileset]
update_compile_order -fileset sources_1
reset_run synth_1
launch_runs synth_1 -jobs 6
[Mon May  5 22:23:49 2025] Launched synth_1...
Run output will be captured here: C:/TaiLieuHocTap/Nam3k2/FPGA/I2C/I2C.runs/synth_1/runme.log
file mkdir C:/TaiLieuHocTap/Nam3k2/FPGA/I2C/I2C.srcs/constrs_1
file mkdir C:/TaiLieuHocTap/Nam3k2/FPGA/I2C/I2C.srcs/constrs_1/new
close [ open C:/TaiLieuHocTap/Nam3k2/FPGA/I2C/I2C.srcs/constrs_1/new/GanChan.xdc w ]
add_files -fileset constrs_1 C:/TaiLieuHocTap/Nam3k2/FPGA/I2C/I2C.srcs/constrs_1/new/GanChan.xdc
reset_run synth_1
launch_runs impl_1 -jobs 6
[Mon May  5 22:37:16 2025] Launched synth_1...
Run output will be captured here: C:/TaiLieuHocTap/Nam3k2/FPGA/I2C/I2C.runs/synth_1/runme.log
[Mon May  5 22:37:16 2025] Launched impl_1...
Run output will be captured here: C:/TaiLieuHocTap/Nam3k2/FPGA/I2C/I2C.runs/impl_1/runme.log
launch_runs impl_1 -to_step write_bitstream -jobs 6
[Mon May  5 22:38:58 2025] Launched impl_1...
Run output will be captured here: C:/TaiLieuHocTap/Nam3k2/FPGA/I2C/I2C.runs/impl_1/runme.log
exit
INFO: [Common 17-206] Exiting Vivado at Mon May  5 23:09:20 2025...
