#-----------------------------------------------------------
# Vivado v2019.1 (64-bit)
# SW Build 2552052 on Fri May 24 14:49:42 MDT 2019
# IP Build 2548770 on Fri May 24 18:01:18 MDT 2019
# Start of session at: Tue Apr 29 14:31:28 2025
# Process ID: 18744
# Current directory: C:/TaiLieuHocTap/Nam3k2/FPGA/uart_copy
# Command line: vivado.exe -gui_launcher_event rodinguilauncherevent11960 C:\TaiLieuHocTap\Nam3k2\FPGA\uart_copy\UART_COPY.xpr
# Log file: C:/TaiLieuHocTap/Nam3k2/FPGA/uart_copy/vivado.log
# Journal file: C:/TaiLieuHocTap/Nam3k2/FPGA/uart_copy\vivado.jou
#-----------------------------------------------------------
start_gui
open_project C:/TaiLieuHocTap/Nam3k2/FPGA/uart_copy/UART_COPY.xpr
Scanning sources...
Finished scanning sources
INFO: [IP_Flow 19-234] Refreshing IP repositories
INFO: [IP_Flow 19-1704] No user IP repositories specified
INFO: [IP_Flow 19-2313] Loaded Vivado IP repository 'C:/Xilinx/Vivado/2019.1/data/ip'.
open_project: Time (s): cpu = 00:00:11 ; elapsed = 00:00:07 . Memory (MB): peak = 786.582 ; gain = 169.965
update_compile_order -fileset sources_1
reset_run synth_1
launch_runs synth_1 -jobs 6
[Tue Apr 29 14:38:57 2025] Launched synth_1...
Run output will be captured here: C:/TaiLieuHocTap/Nam3k2/FPGA/uart_copy/UART_COPY.runs/synth_1/runme.log
launch_runs impl_1 -jobs 6
[Tue Apr 29 14:40:04 2025] Launched impl_1...
Run output will be captured here: C:/TaiLieuHocTap/Nam3k2/FPGA/uart_copy/UART_COPY.runs/impl_1/runme.log
reset_run impl_1
launch_runs impl_1 -jobs 6
[Tue Apr 29 14:49:00 2025] Launched impl_1...
Run output will be captured here: C:/TaiLieuHocTap/Nam3k2/FPGA/uart_copy/UART_COPY.runs/impl_1/runme.log
reset_run synth_1
launch_runs impl_1 -to_step write_bitstream -jobs 6
[Tue Apr 29 14:49:49 2025] Launched synth_1...
Run output will be captured here: C:/TaiLieuHocTap/Nam3k2/FPGA/uart_copy/UART_COPY.runs/synth_1/runme.log
[Tue Apr 29 14:49:49 2025] Launched impl_1...
Run output will be captured here: C:/TaiLieuHocTap/Nam3k2/FPGA/uart_copy/UART_COPY.runs/impl_1/runme.log
open_hw
connect_hw_server
INFO: [Labtools 27-2285] Connecting to hw_server url TCP:localhost:3121
INFO: [Labtools 27-2222] Launching hw_server...
INFO: [Labtools 27-2221] Launch Output:

****** Xilinx hw_server v2019.1
  **** Build date : May 24 2019 at 15:13:31
    ** Copyright 1986-2019 Xilinx, Inc. All Rights Reserved.


open_hw_target
INFO: [Labtoolstcl 44-466] Opening hw_target localhost:3121/xilinx_tcf/Digilent/210512180081
set_property PROGRAM.FILE {C:/TaiLieuHocTap/Nam3k2/FPGA/uart_copy/UART_COPY.runs/impl_1/uart_led_controller.bit} [get_hw_devices xc7a35t_0]
current_hw_device [get_hw_devices xc7a35t_0]
refresh_hw_device -update_hw_probes false [lindex [get_hw_devices xc7a35t_0] 0]
INFO: [Labtools 27-1434] Device xc7a35t (JTAG device index = 0) is programmed with a design that has no supported debug core(s) in it.
set_property PROBES.FILE {} [get_hw_devices xc7a35t_0]
set_property FULL_PROBES.FILE {} [get_hw_devices xc7a35t_0]
set_property PROGRAM.FILE {C:/TaiLieuHocTap/Nam3k2/FPGA/uart_copy/UART_COPY.runs/impl_1/uart_led_controller.bit} [get_hw_devices xc7a35t_0]
program_hw_devices [get_hw_devices xc7a35t_0]
INFO: [Labtools 27-3164] End of startup status: HIGH
refresh_hw_device [lindex [get_hw_devices xc7a35t_0] 0]
INFO: [Labtools 27-1434] Device xc7a35t (JTAG device index = 0) is programmed with a design that has no supported debug core(s) in it.
ERROR: [Labtoolstcl 44-513] HW Target shutdown. Closing target: localhost:3121/xilinx_tcf/Digilent/210512180081
INFO: [Labtoolstcl 44-466] Opening hw_target localhost:3121/xilinx_tcf/Digilent/210512180081
INFO: [Labtools 27-1434] Device xc7a35t (JTAG device index = 0) is programmed with a design that has no supported debug core(s) in it.
WARNING: [Labtoolstcl 44-129] No matching hw_ila_data was found.
reset_run synth_1
launch_runs impl_1 -jobs 6
[Tue Apr 29 14:58:13 2025] Launched synth_1...
Run output will be captured here: C:/TaiLieuHocTap/Nam3k2/FPGA/uart_copy/UART_COPY.runs/synth_1/runme.log
[Tue Apr 29 14:58:13 2025] Launched impl_1...
Run output will be captured here: C:/TaiLieuHocTap/Nam3k2/FPGA/uart_copy/UART_COPY.runs/impl_1/runme.log
ERROR: [Labtoolstcl 44-513] HW Target shutdown. Closing target: localhost:3121/xilinx_tcf/Digilent/210512180081
launch_runs impl_1 -to_step write_bitstream -jobs 6
[Tue Apr 29 14:59:28 2025] Launched impl_1...
Run output will be captured here: C:/TaiLieuHocTap/Nam3k2/FPGA/uart_copy/UART_COPY.runs/impl_1/runme.log
INFO: [Labtoolstcl 44-466] Opening hw_target localhost:3121/xilinx_tcf/Digilent/210512180081
INFO: [Labtools 27-1434] Device xc7a35t (JTAG device index = 0) is programmed with a design that has no supported debug core(s) in it.
WARNING: [Labtoolstcl 44-129] No matching hw_ila_data was found.
set_property PROBES.FILE {} [get_hw_devices xc7a35t_0]
set_property FULL_PROBES.FILE {} [get_hw_devices xc7a35t_0]
set_property PROGRAM.FILE {C:/TaiLieuHocTap/Nam3k2/FPGA/uart_copy/UART_COPY.runs/impl_1/uart_led_controller.bit} [get_hw_devices xc7a35t_0]
program_hw_devices [get_hw_devices xc7a35t_0]
INFO: [Labtools 27-3164] End of startup status: HIGH
refresh_hw_device [lindex [get_hw_devices xc7a35t_0] 0]
INFO: [Labtools 27-1434] Device xc7a35t (JTAG device index = 0) is programmed with a design that has no supported debug core(s) in it.
ERROR: [Labtoolstcl 44-513] HW Target shutdown. Closing target: localhost:3121/xilinx_tcf/Digilent/210512180081
INFO: [Labtoolstcl 44-466] Opening hw_target localhost:3121/xilinx_tcf/Digilent/210512180081
INFO: [Labtools 27-1434] Device xc7a35t (JTAG device index = 0) is programmed with a design that has no supported debug core(s) in it.
WARNING: [Labtoolstcl 44-129] No matching hw_ila_data was found.
reset_run synth_1
launch_runs impl_1 -jobs 6
[Tue Apr 29 15:07:09 2025] Launched synth_1...
Run output will be captured here: C:/TaiLieuHocTap/Nam3k2/FPGA/uart_copy/UART_COPY.runs/synth_1/runme.log
[Tue Apr 29 15:07:09 2025] Launched impl_1...
Run output will be captured here: C:/TaiLieuHocTap/Nam3k2/FPGA/uart_copy/UART_COPY.runs/impl_1/runme.log
launch_runs impl_1 -to_step write_bitstream -jobs 6
[Tue Apr 29 15:08:16 2025] Launched impl_1...
Run output will be captured here: C:/TaiLieuHocTap/Nam3k2/FPGA/uart_copy/UART_COPY.runs/impl_1/runme.log
set_property PROBES.FILE {} [get_hw_devices xc7a35t_0]
set_property FULL_PROBES.FILE {} [get_hw_devices xc7a35t_0]
set_property PROGRAM.FILE {C:/TaiLieuHocTap/Nam3k2/FPGA/uart_copy/UART_COPY.runs/impl_1/uart_led_controller.bit} [get_hw_devices xc7a35t_0]
program_hw_devices [get_hw_devices xc7a35t_0]
INFO: [Labtools 27-3164] End of startup status: HIGH
refresh_hw_device [lindex [get_hw_devices xc7a35t_0] 0]
INFO: [Labtools 27-1434] Device xc7a35t (JTAG device index = 0) is programmed with a design that has no supported debug core(s) in it.
ERROR: [Labtoolstcl 44-513] HW Target shutdown. Closing target: localhost:3121/xilinx_tcf/Digilent/210512180081
INFO: [Labtoolstcl 44-466] Opening hw_target localhost:3121/xilinx_tcf/Digilent/210512180081
INFO: [Labtools 27-1434] Device xc7a35t (JTAG device index = 0) is programmed with a design that has no supported debug core(s) in it.
WARNING: [Labtoolstcl 44-129] No matching hw_ila_data was found.
ERROR: [Labtoolstcl 44-513] HW Target shutdown. Closing target: localhost:3121/xilinx_tcf/Digilent/210512180081
INFO: [Labtoolstcl 44-466] Opening hw_target localhost:3121/xilinx_tcf/Digilent/210512180081
INFO: [Labtools 27-1434] Device xc7a35t (JTAG device index = 0) is programmed with a design that has no supported debug core(s) in it.
WARNING: [Labtoolstcl 44-129] No matching hw_ila_data was found.
ERROR: [Labtoolstcl 44-513] HW Target shutdown. Closing target: localhost:3121/xilinx_tcf/Digilent/210512180081
INFO: [Labtoolstcl 44-466] Opening hw_target localhost:3121/xilinx_tcf/Digilent/210512180081
INFO: [Labtools 27-1434] Device xc7a35t (JTAG device index = 0) is programmed with a design that has no supported debug core(s) in it.
WARNING: [Labtoolstcl 44-129] No matching hw_ila_data was found.
reset_run synth_1
launch_runs impl_1 -jobs 6
[Tue Apr 29 15:14:59 2025] Launched synth_1...
Run output will be captured here: C:/TaiLieuHocTap/Nam3k2/FPGA/uart_copy/UART_COPY.runs/synth_1/runme.log
[Tue Apr 29 15:14:59 2025] Launched impl_1...
Run output will be captured here: C:/TaiLieuHocTap/Nam3k2/FPGA/uart_copy/UART_COPY.runs/impl_1/runme.log
launch_runs impl_1 -to_step write_bitstream -jobs 6
[Tue Apr 29 15:16:14 2025] Launched impl_1...
Run output will be captured here: C:/TaiLieuHocTap/Nam3k2/FPGA/uart_copy/UART_COPY.runs/impl_1/runme.log
ERROR: [Labtoolstcl 44-513] HW Target shutdown. Closing target: localhost:3121/xilinx_tcf/Digilent/210512180081
INFO: [Labtoolstcl 44-466] Opening hw_target localhost:3121/xilinx_tcf/Digilent/210512180081
INFO: [Labtools 27-1434] Device xc7a35t (JTAG device index = 0) is programmed with a design that has no supported debug core(s) in it.
WARNING: [Labtoolstcl 44-129] No matching hw_ila_data was found.
ERROR: [Labtoolstcl 44-513] HW Target shutdown. Closing target: localhost:3121/xilinx_tcf/Digilent/210512180081
INFO: [Labtoolstcl 44-466] Opening hw_target localhost:3121/xilinx_tcf/Digilent/210512180081
INFO: [Labtools 27-1434] Device xc7a35t (JTAG device index = 0) is programmed with a design that has no supported debug core(s) in it.
WARNING: [Labtoolstcl 44-129] No matching hw_ila_data was found.
set_property PROBES.FILE {} [get_hw_devices xc7a35t_0]
set_property FULL_PROBES.FILE {} [get_hw_devices xc7a35t_0]
set_property PROGRAM.FILE {C:/TaiLieuHocTap/Nam3k2/FPGA/uart_copy/UART_COPY.runs/impl_1/uart_led_controller.bit} [get_hw_devices xc7a35t_0]
program_hw_devices [get_hw_devices xc7a35t_0]
INFO: [Labtools 27-3164] End of startup status: HIGH
refresh_hw_device [lindex [get_hw_devices xc7a35t_0] 0]
INFO: [Labtools 27-1434] Device xc7a35t (JTAG device index = 0) is programmed with a design that has no supported debug core(s) in it.
exit
INFO: [Common 17-206] Exiting Vivado at Tue Apr 29 15:20:21 2025...
