#-----------------------------------------------------------
# Vivado v2019.1 (64-bit)
# SW Build 2552052 on Fri May 24 14:49:42 MDT 2019
# IP Build 2548770 on Fri May 24 18:01:18 MDT 2019
# Start of session at: Sun Jun 29 22:46:14 2025
# Process ID: 9292
# Current directory: C:/Users/VICTUS/Desktop/FPGAtest/uart_copy
# Command line: vivado.exe -gui_launcher_event rodinguilauncherevent11548 C:\Users\VICTUS\Desktop\FPGAtest\uart_copy\UART_COPY.xpr
# Log file: C:/Users/VICTUS/Desktop/FPGAtest/uart_copy/vivado.log
# Journal file: C:/Users/VICTUS/Desktop/FPGAtest/uart_copy\vivado.jou
#-----------------------------------------------------------
start_gui
open_project C:/Users/VICTUS/Desktop/FPGAtest/uart_copy/UART_COPY.xpr
Scanning sources...
Finished scanning sources
INFO: [IP_Flow 19-234] Refreshing IP repositories
INFO: [IP_Flow 19-1704] No user IP repositories specified
INFO: [IP_Flow 19-2313] Loaded Vivado IP repository 'C:/Xilinx/Vivado/2019.1/data/ip'.
update_compile_order -fileset sources_1
exit
INFO: [Common 17-206] Exiting Vivado at Sun Jun 29 23:27:54 2025...
