#-----------------------------------------------------------
# Vivado v2019.1 (64-bit)
# SW Build 2552052 on Fri May 24 14:49:42 MDT 2019
# IP Build 2548770 on Fri May 24 18:01:18 MDT 2019
# Start of session at: Mon Jun 30 11:08:34 2025
# Process ID: 20704
# Current directory: C:/Users/VICTUS/Desktop/FPGAtest/mux41
# Command line: vivado.exe -gui_launcher_event rodinguilauncherevent3832 C:\Users\VICTUS\Desktop\FPGAtest\mux41\mux41.xpr
# Log file: C:/Users/VICTUS/Desktop/FPGAtest/mux41/vivado.log
# Journal file: C:/Users/VICTUS/Desktop/FPGAtest/mux41\vivado.jou
#-----------------------------------------------------------
start_gui
open_project C:/Users/VICTUS/Desktop/FPGAtest/mux41/mux41.xpr
INFO: [Project 1-313] Project file moved from 'C:/Users/VICTUS/Desktop/FPGAtest/Led_7_thanh_full/mux41' since last save.
Scanning sources...
Finished scanning sources
INFO: [IP_Flow 19-234] Refreshing IP repositories
INFO: [IP_Flow 19-1704] No user IP repositories specified
INFO: [IP_Flow 19-2313] Loaded Vivado IP repository 'C:/Xilinx/Vivado/2019.1/data/ip'.
update_compile_order -fileset sources_1
launch_simulation
INFO: [Vivado 12-5682] Launching behavioral simulation in 'C:/Users/VICTUS/Desktop/FPGAtest/mux41/mux41.sim/sim_1/behav/xsim'
INFO: [SIM-utils-51] Simulation object is 'sim_1'
INFO: [SIM-utils-54] Inspecting design source files for 'tb_4to1_mux' in fileset 'sim_1'...
INFO: [USF-XSim-97] Finding global include files...
INFO: [USF-XSim-98] Fetching design files from 'sim_1'...
INFO: [USF-XSim-2] XSim::Compile design
INFO: [USF-XSim-61] Executing 'COMPILE and ANALYZE' step in 'C:/Users/VICTUS/Desktop/FPGAtest/mux41/mux41.sim/sim_1/behav/xsim'
"xvlog --incr --relax -prj tb_4to1_mux_vlog.prj"
INFO: [VRFC 10-2263] Analyzing Verilog file "C:/Users/VICTUS/Desktop/FPGAtest/mux41/mux41.srcs/sim_1/new/mux41tb.v" into library xil_defaultlib
INFO: [VRFC 10-311] analyzing module tb_4to1_mux
INFO: [VRFC 10-2263] Analyzing Verilog file "C:/Users/VICTUS/Desktop/FPGAtest/mux41/mux41.sim/sim_1/behav/xsim/glbl.v" into library xil_defaultlib
INFO: [VRFC 10-311] analyzing module glbl
INFO: [USF-XSim-69] 'compile' step finished in '2' seconds
INFO: [USF-XSim-3] XSim::Elaborate design
INFO: [USF-XSim-61] Executing 'ELABORATE' step in 'C:/Users/VICTUS/Desktop/FPGAtest/mux41/mux41.sim/sim_1/behav/xsim'
"xelab -wto 5ef025accc364002b89f17e80ae5b61d --incr --debug typical --relax --mt 2 -L xil_defaultlib -L unisims_ver -L unimacro_ver -L secureip --snapshot tb_4to1_mux_behav xil_defaultlib.tb_4to1_mux xil_defaultlib.glbl -log elaborate.log"
Vivado Simulator 2019.1
Copyright 1986-1999, 2001-2019 Xilinx, Inc. All Rights Reserved.
Running: C:/Xilinx/Vivado/2019.1/bin/unwrapped/win64.o/xelab.exe -wto 5ef025accc364002b89f17e80ae5b61d --incr --debug typical --relax --mt 2 -L xil_defaultlib -L unisims_ver -L unimacro_ver -L secureip --snapshot tb_4to1_mux_behav xil_defaultlib.tb_4to1_mux xil_defaultlib.glbl -log elaborate.log 
Using 2 slave threads.
Starting static elaboration
ERROR: [VRFC 10-2063] Module <mux_4to1_case> not found while processing module instance <mux0> [C:/Users/VICTUS/Desktop/FPGAtest/mux41/mux41.srcs/sim_1/new/mux41tb.v:16]
ERROR: [XSIM 43-3322] Static elaboration of top level Verilog design unit(s) in library work failed.
INFO: [USF-XSim-69] 'elaborate' step finished in '2' seconds
INFO: [USF-XSim-99] Step results log file:'C:/Users/VICTUS/Desktop/FPGAtest/mux41/mux41.sim/sim_1/behav/xsim/elaborate.log'
ERROR: [USF-XSim-62] 'elaborate' step failed with error(s). Please check the Tcl console output or 'C:/Users/VICTUS/Desktop/FPGAtest/mux41/mux41.sim/sim_1/behav/xsim/elaborate.log' file for more information.
ERROR: [Vivado 12-4473] Detected error while running simulation. Please correct the issue and retry this operation.
launch_simulation: Time (s): cpu = 00:00:02 ; elapsed = 00:00:05 . Memory (MB): peak = 714.109 ; gain = 0.000
ERROR: [Common 17-39] 'launch_simulation' failed due to earlier errors.
reset_run synth_1
launch_runs synth_1 -jobs 6
[Mon Jun 30 11:09:56 2025] Launched synth_1...
Run output will be captured here: C:/Users/VICTUS/Desktop/FPGAtest/mux41/mux41.runs/synth_1/runme.log
launch_simulation
INFO: [Vivado 12-5682] Launching behavioral simulation in 'C:/Users/VICTUS/Desktop/FPGAtest/mux41/mux41.sim/sim_1/behav/xsim'
INFO: [SIM-utils-51] Simulation object is 'sim_1'
INFO: [SIM-utils-54] Inspecting design source files for 'tb_4to1_mux' in fileset 'sim_1'...
INFO: [USF-XSim-97] Finding global include files...
INFO: [USF-XSim-98] Fetching design files from 'sim_1'...
INFO: [USF-XSim-2] XSim::Compile design
INFO: [USF-XSim-61] Executing 'COMPILE and ANALYZE' step in 'C:/Users/VICTUS/Desktop/FPGAtest/mux41/mux41.sim/sim_1/behav/xsim'
"xvlog --incr --relax -prj tb_4to1_mux_vlog.prj"
INFO: [VRFC 10-2263] Analyzing Verilog file "C:/Users/VICTUS/Desktop/FPGAtest/mux41/mux41.srcs/sources_1/new/mux41.v" into library xil_defaultlib
INFO: [VRFC 10-311] analyzing module mux_4to1_case
INFO: [USF-XSim-69] 'compile' step finished in '2' seconds
INFO: [USF-XSim-3] XSim::Elaborate design
INFO: [USF-XSim-61] Executing 'ELABORATE' step in 'C:/Users/VICTUS/Desktop/FPGAtest/mux41/mux41.sim/sim_1/behav/xsim'
"xelab -wto 5ef025accc364002b89f17e80ae5b61d --incr --debug typical --relax --mt 2 -L xil_defaultlib -L unisims_ver -L unimacro_ver -L secureip --snapshot tb_4to1_mux_behav xil_defaultlib.tb_4to1_mux xil_defaultlib.glbl -log elaborate.log"
Vivado Simulator 2019.1
Copyright 1986-1999, 2001-2019 Xilinx, Inc. All Rights Reserved.
Running: C:/Xilinx/Vivado/2019.1/bin/unwrapped/win64.o/xelab.exe -wto 5ef025accc364002b89f17e80ae5b61d --incr --debug typical --relax --mt 2 -L xil_defaultlib -L unisims_ver -L unimacro_ver -L secureip --snapshot tb_4to1_mux_behav xil_defaultlib.tb_4to1_mux xil_defaultlib.glbl -log elaborate.log 
Using 2 slave threads.
Starting static elaboration
Completed static elaboration
Starting simulation data flow analysis
WARNING: [XSIM 43-4100] "C:/Users/VICTUS/Desktop/FPGAtest/mux41/mux41.sim/sim_1/behav/xsim/glbl.v" Line 6. Module glbl has a timescale but at least one module in design doesn't have timescale.
Completed simulation data flow analysis
Time Resolution for simulation is 1ps
Compiling module xil_defaultlib.mux_4to1_case
Compiling module xil_defaultlib.tb_4to1_mux
Compiling module xil_defaultlib.glbl
Built simulation snapshot tb_4to1_mux_behav

****** Webtalk v2019.1 (64-bit)
  **** SW Build 2552052 on Fri May 24 14:49:42 MDT 2019
  **** IP Build 2548770 on Fri May 24 18:01:18 MDT 2019
    ** Copyright 1986-2019 Xilinx, Inc. All Rights Reserved.

source C:/Users/VICTUS/Desktop/FPGAtest/mux41/mux41.sim/sim_1/behav/xsim/xsim.dir/tb_4to1_mux_behav/webtalk/xsim_webtalk.tcl -notrace
INFO: [Common 17-206] Exiting Webtalk at Mon Jun 30 11:10:39 2025...
run_program: Time (s): cpu = 00:00:01 ; elapsed = 00:00:06 . Memory (MB): peak = 733.754 ; gain = 0.000
INFO: [USF-XSim-69] 'elaborate' step finished in '6' seconds
INFO: [USF-XSim-4] XSim::Simulate design
INFO: [USF-XSim-61] Executing 'SIMULATE' step in 'C:/Users/VICTUS/Desktop/FPGAtest/mux41/mux41.sim/sim_1/behav/xsim'
INFO: [USF-XSim-98] *** Running xsim
   with args "tb_4to1_mux_behav -key {Behavioral:sim_1:Functional:tb_4to1_mux} -tclbatch {tb_4to1_mux.tcl} -log {simulate.log}"
INFO: [USF-XSim-8] Loading simulator feature
Vivado Simulator 2019.1
Time resolution is 1 ps
source tb_4to1_mux.tcl
# set curr_wave [current_wave_config]
# if { [string length $curr_wave] == 0 } {
#   if { [llength [get_objects]] > 0} {
#     add_wave /
#     set_property needs_save false [current_wave_config]
#   } else {
#      send_msg_id Add_Wave-1 WARNING "No top level signals found. Simulator will start without a wave window. If you want to open a wave window go to 'File->New Waveform Configuration' or type 'create_wave_config' in the TCL console."
#   }
# }
# run 1000ns
[0] sel=0x0 a=0x4 b=0x1 c=0x9 d=0x3 out=0x4
[5000] sel=0x1 a=0x4 b=0x1 c=0x9 d=0x3 out=0x1
[10000] sel=0x2 a=0x4 b=0x1 c=0x9 d=0x3 out=0x9
[15000] sel=0x3 a=0x4 b=0x1 c=0x9 d=0x3 out=0x3
$finish called at time : 20 ns : File "C:/Users/VICTUS/Desktop/FPGAtest/mux41/mux41.srcs/sim_1/new/mux41tb.v" Line 41
INFO: [USF-XSim-96] XSim completed. Design snapshot 'tb_4to1_mux_behav' loaded.
INFO: [USF-XSim-97] XSim simulation ran for 1000ns
launch_simulation: Time (s): cpu = 00:00:09 ; elapsed = 00:00:12 . Memory (MB): peak = 735.410 ; gain = 1.656
