#-----------------------------------------------------------
# Vivado v2019.1 (64-bit)
# SW Build 2552052 on Fri May 24 14:49:42 MDT 2019
# IP Build 2548770 on Fri May 24 18:01:18 MDT 2019
# Start of session at: Mon Mar 10 08:52:24 2025
# Process ID: 5600
# Current directory: C:/TaiLieuHocTap/Nam3k2/FPGA/VD_ss2nt
# Command line: vivado.exe -gui_launcher_event rodinguilauncherevent17764 C:\TaiLieuHocTap\Nam3k2\FPGA\VD_ss2nt\VD_ss2nt.xpr
# Log file: C:/TaiLieuHocTap/Nam3k2/FPGA/VD_ss2nt/vivado.log
# Journal file: C:/TaiLieuHocTap/Nam3k2/FPGA/VD_ss2nt\vivado.jou
#-----------------------------------------------------------
start_gui
open_project C:/TaiLieuHocTap/Nam3k2/FPGA/VD_ss2nt/VD_ss2nt.xpr
Scanning sources...
Finished scanning sources
INFO: [IP_Flow 19-234] Refreshing IP repositories
INFO: [IP_Flow 19-1704] No user IP repositories specified
INFO: [IP_Flow 19-2313] Loaded Vivado IP repository 'C:/Xilinx/Vivado/2019.1/data/ip'.
open_project: Time (s): cpu = 00:00:11 ; elapsed = 00:00:06 . Memory (MB): peak = 846.227 ; gain = 212.238
update_compile_order -fileset sources_1
launch_simulation
INFO: [Vivado 12-5682] Launching behavioral simulation in 'C:/TaiLieuHocTap/Nam3k2/FPGA/VD_ss2nt/VD_ss2nt.sim/sim_1/behav/xsim'
INFO: [SIM-utils-51] Simulation object is 'sim_1'
INFO: [SIM-utils-54] Inspecting design source files for 'ss2nt_tb' in fileset 'sim_1'...
INFO: [USF-XSim-97] Finding global include files...
INFO: [USF-XSim-98] Fetching design files from 'sim_1'...
INFO: [USF-XSim-2] XSim::Compile design
INFO: [USF-XSim-61] Executing 'COMPILE and ANALYZE' step in 'C:/TaiLieuHocTap/Nam3k2/FPGA/VD_ss2nt/VD_ss2nt.sim/sim_1/behav/xsim'
"xvlog --incr --relax -prj ss2nt_tb_vlog.prj"
INFO: [USF-XSim-69] 'compile' step finished in '1' seconds
INFO: [USF-XSim-3] XSim::Elaborate design
INFO: [USF-XSim-61] Executing 'ELABORATE' step in 'C:/TaiLieuHocTap/Nam3k2/FPGA/VD_ss2nt/VD_ss2nt.sim/sim_1/behav/xsim'
"xelab -wto a793b79136524be5827b60948acc349b --incr --debug typical --relax --mt 2 -L xil_defaultlib -L unisims_ver -L unimacro_ver -L secureip --snapshot ss2nt_tb_behav xil_defaultlib.ss2nt_tb xil_defaultlib.glbl -log elaborate.log"
Vivado Simulator 2019.1
Copyright 1986-1999, 2001-2019 Xilinx, Inc. All Rights Reserved.
Running: C:/Xilinx/Vivado/2019.1/bin/unwrapped/win64.o/xelab.exe -wto a793b79136524be5827b60948acc349b --incr --debug typical --relax --mt 2 -L xil_defaultlib -L unisims_ver -L unimacro_ver -L secureip --snapshot ss2nt_tb_behav xil_defaultlib.ss2nt_tb xil_defaultlib.glbl -log elaborate.log 
Using 2 slave threads.
Starting static elaboration
Completed static elaboration
INFO: [XSIM 43-4323] No Change in HDL. Linking previously generated obj files to create kernel
INFO: [USF-XSim-69] 'elaborate' step finished in '1' seconds
INFO: [USF-XSim-4] XSim::Simulate design
INFO: [USF-XSim-61] Executing 'SIMULATE' step in 'C:/TaiLieuHocTap/Nam3k2/FPGA/VD_ss2nt/VD_ss2nt.sim/sim_1/behav/xsim'
INFO: [USF-XSim-98] *** Running xsim
   with args "ss2nt_tb_behav -key {Behavioral:sim_1:Functional:ss2nt_tb} -tclbatch {ss2nt_tb.tcl} -log {simulate.log}"
INFO: [USF-XSim-8] Loading simulator feature
Vivado Simulator 2019.1
Time resolution is 1 ps
source ss2nt_tb.tcl
# set curr_wave [current_wave_config]
# if { [string length $curr_wave] == 0 } {
#   if { [llength [get_objects]] > 0} {
#     add_wave /
#     set_property needs_save false [current_wave_config]
#   } else {
#      send_msg_id Add_Wave-1 WARNING "No top level signals found. Simulator will start without a wave window. If you want to open a wave window go to 'File->New Waveform Configuration' or type 'create_wave_config' in the TCL console."
#   }
# }
# run 1000ns
$time | 0 | 1 | 0 |   00
$finish called at time : 280 ns : File "C:/TaiLieuHocTap/Nam3k2/FPGA/VD_ss2nt/VD_ss2nt.srcs/sim_1/new/ss2nt_tb.v" Line 81
INFO: [USF-XSim-96] XSim completed. Design snapshot 'ss2nt_tb_behav' loaded.
INFO: [USF-XSim-97] XSim simulation ran for 1000ns
launch_simulation: Time (s): cpu = 00:00:07 ; elapsed = 00:00:06 . Memory (MB): peak = 907.102 ; gain = 0.000
close_sim
INFO: [Simtcl 6-16] Simulation closed
exit
INFO: [Common 17-206] Exiting Vivado at Mon Mar 10 11:53:03 2025...
