#-----------------------------------------------------------
# Vivado v2019.1 (64-bit)
# SW Build 2552052 on Fri May 24 14:49:42 MDT 2019
# IP Build 2548770 on Fri May 24 18:01:18 MDT 2019
# Start of session at: Mon Mar 17 11:32:09 2025
# Process ID: 9500
# Current directory: C:/TaiLieuHocTap/Nam3k2/FPGA/VD_ss2nt
# Command line: vivado.exe -gui_launcher_event rodinguilauncherevent1056 C:\TaiLieuHocTap\Nam3k2\FPGA\VD_ss2nt\VD_ss2nt.xpr
# Log file: C:/TaiLieuHocTap/Nam3k2/FPGA/VD_ss2nt/vivado.log
# Journal file: C:/TaiLieuHocTap/Nam3k2/FPGA/VD_ss2nt\vivado.jou
#-----------------------------------------------------------
start_gui
open_project C:/TaiLieuHocTap/Nam3k2/FPGA/VD_ss2nt/VD_ss2nt.xpr
Scanning sources...
Finished scanning sources
INFO: [IP_Flow 19-234] Refreshing IP repositories
INFO: [IP_Flow 19-1704] No user IP repositories specified
INFO: [IP_Flow 19-2313] Loaded Vivado IP repository 'C:/Xilinx/Vivado/2019.1/data/ip'.
open_project: Time (s): cpu = 00:00:11 ; elapsed = 00:00:05 . Memory (MB): peak = 812.285 ; gain = 183.668
update_compile_order -fileset sources_1
exit
INFO: [Common 17-206] Exiting Vivado at Mon Mar 17 11:53:16 2025...
