Copyright 1986-2019 Xilinx, Inc. All Rights Reserved.
------------------------------------------------------------------------------------------
| Tool Version : Vivado v.2019.1 (win64) Build 2552052 Fri May 24 14:49:42 MDT 2019
| Date         : Mon May 12 10:58:06 2025
| Host         : LAPTOP-AGQD4J52 running 64-bit major release  (build 9200)
| Command      : report_control_sets -verbose -file i2c_read_lm75_control_sets_placed.rpt
| Design       : i2c_read_lm75
| Device       : xc7a35t
------------------------------------------------------------------------------------------

Control Set Information

Table of Contents
-----------------
1. Summary
2. Histogram
3. Flip-Flop Distribution
4. Detailed Control Set Information

1. Summary
----------

+----------------------------------------------------------+-------+
|                          Status                          | Count |
+----------------------------------------------------------+-------+
| Total control sets                                       |     4 |
|    Minimum number of control sets                        |     4 |
|    Addition due to synthesis replication                 |     0 |
|    Addition due to physical synthesis replication        |     0 |
| Unused register locations in slices containing registers |    19 |
+----------------------------------------------------------+-------+
* Control sets can be merged at opt_design using control_set_merge or merge_equivalent_drivers
** Run report_qor_suggestions for automated merging and remapping suggestions


2. Histogram
------------

+--------------------+-------+
|       Fanout       | Count |
+--------------------+-------+
| Total control sets |     4 |
| >= 0 to < 4        |     1 |
| >= 4 to < 6        |     2 |
| >= 6 to < 8        |     0 |
| >= 8 to < 10       |     0 |
| >= 10 to < 12      |     0 |
| >= 12 to < 14      |     0 |
| >= 14 to < 16      |     0 |
| >= 16              |     1 |
+--------------------+-------+
* Control sets can be remapped at either synth_design or opt_design


3. Flip-Flop Distribution
-------------------------

+--------------+-----------------------+------------------------+-----------------+--------------+
| Clock Enable | Synchronous Set/Reset | Asynchronous Set/Reset | Total Registers | Total Slices |
+--------------+-----------------------+------------------------+-----------------+--------------+
| No           | No                    | No                     |               0 |            0 |
| No           | No                    | Yes                    |              68 |           23 |
| No           | Yes                   | No                     |               0 |            0 |
| Yes          | No                    | No                     |               0 |            0 |
| Yes          | No                    | Yes                    |               9 |            7 |
| Yes          | Yes                   | No                     |               0 |            0 |
+--------------+-----------------------+------------------------+-----------------+--------------+


4. Detailed Control Set Information
-----------------------------------

+--------------------+-------------------+----------------------+------------------+----------------+
|    Clock Signal    |   Enable Signal   |   Set/Reset Signal   | Slice Load Count | Bel Load Count |
+--------------------+-------------------+----------------------+------------------+----------------+
|  sys_clk_IBUF_BUFG | scl_r_i_1_n_0     | cnt_delay[7]_i_2_n_0 |                1 |              1 |
|  sys_clk_IBUF_BUFG | cstate[3]_i_1_n_0 | cnt_delay[7]_i_2_n_0 |                3 |              4 |
|  sys_clk_IBUF_BUFG | num               | cnt_delay[7]_i_2_n_0 |                3 |              4 |
|  sys_clk_IBUF_BUFG |                   | cnt_delay[7]_i_2_n_0 |               23 |             68 |
+--------------------+-------------------+----------------------+------------------+----------------+


