#-----------------------------------------------------------
# Vivado v2019.1 (64-bit)
# SW Build 2552052 on Fri May 24 14:49:42 MDT 2019
# IP Build 2548770 on Fri May 24 18:01:18 MDT 2019
# Start of session at: Mon Jun 30 11:28:20 2025
# Process ID: 2424
# Current directory: C:/Users/VICTUS/Desktop/FPGAtest/Led_7_thanh_full
# Command line: vivado.exe -gui_launcher_event rodinguilauncherevent20180 C:\Users\VICTUS\Desktop\FPGAtest\Led_7_thanh_full\Led_7_thanh.xpr
# Log file: C:/Users/VICTUS/Desktop/FPGAtest/Led_7_thanh_full/vivado.log
# Journal file: C:/Users/VICTUS/Desktop/FPGAtest/Led_7_thanh_full\vivado.jou
#-----------------------------------------------------------
start_gui
open_project C:/Users/VICTUS/Desktop/FPGAtest/Led_7_thanh_full/Led_7_thanh.xpr
Scanning sources...
Finished scanning sources
INFO: [IP_Flow 19-234] Refreshing IP repositories
INFO: [IP_Flow 19-1704] No user IP repositories specified
INFO: [IP_Flow 19-2313] Loaded Vivado IP repository 'C:/Xilinx/Vivado/2019.1/data/ip'.
open_project: Time (s): cpu = 00:00:15 ; elapsed = 00:00:05 . Memory (MB): peak = 771.215 ; gain = 117.996
update_compile_order -fileset sources_1
