#-----------------------------------------------------------
# Vivado v2019.1 (64-bit)
# SW Build 2552052 on Fri May 24 14:49:42 MDT 2019
# IP Build 2548770 on Fri May 24 18:01:18 MDT 2019
# Start of session at: Tue Apr 29 15:27:57 2025
# Process ID: 18312
# Current directory: C:/TaiLieuHocTap/Nam3k2/FPGA/Led_7_thanh_full
# Command line: vivado.exe -gui_launcher_event rodinguilauncherevent9852 C:\TaiLieuHocTap\Nam3k2\FPGA\Led_7_thanh_full\Led_7_thanh.xpr
# Log file: C:/TaiLieuHocTap/Nam3k2/FPGA/Led_7_thanh_full/vivado.log
# Journal file: C:/TaiLieuHocTap/Nam3k2/FPGA/Led_7_thanh_full\vivado.jou
#-----------------------------------------------------------
start_gui
open_project C:/TaiLieuHocTap/Nam3k2/FPGA/Led_7_thanh_full/Led_7_thanh.xpr
INFO: [Project 1-313] Project file moved from 'C:/TaiLieuHocTap/Nam3k2/FPGA/Led_7_thanh' since last save.
Scanning sources...
Finished scanning sources
INFO: [IP_Flow 19-234] Refreshing IP repositories
INFO: [IP_Flow 19-1704] No user IP repositories specified
INFO: [IP_Flow 19-2313] Loaded Vivado IP repository 'C:/Xilinx/Vivado/2019.1/data/ip'.
open_project: Time (s): cpu = 00:00:15 ; elapsed = 00:00:08 . Memory (MB): peak = 866.484 ; gain = 186.992
update_compile_order -fileset sources_1
exit
INFO: [Common 17-206] Exiting Vivado at Tue Apr 29 15:57:26 2025...
